<?xml version="1.0" encoding="UTF-8"?>
<!-- Generated by org.testng.reporters.JUnitReportReporter -->
<testsuite hostname="LAPTOP-58598IPQ" name="academy.VerifyTitleTest" tests="1" failures="1" timestamp="9 Aug 2020 19:25:08 GMT" time="0.000" errors="0">
  <testcase name="verifyTitle" time="0.000" classname="academy.VerifyTitleTest">
    <failure type="org.openqa.selenium.SessionNotCreatedException" message="session not created
from chrome not reachable
  (Session info: chrome=84.0.4147.105)
Build info: version: &#039;3.5.3&#039;, revision: &#039;a88d25fe6b&#039;, time: &#039;2017-08-29T12:42:44.417Z&#039;
System info: host: &#039;LAPTOP-58598IPQ&#039;, ip: &#039;192.168.137.1&#039;, os.name: &#039;Windows 10&#039;, os.arch: &#039;amd64&#039;, os.version: &#039;10.0&#039;, java.version: &#039;1.8.0_201&#039;
Driver info: driver.version: ChromeDriver
remote stacktrace: Backtrace:
	Ordinal0 [0x00AA9563+2725219]
	Ordinal0 [0x009A8551+1672529]
	Ordinal0 [0x00890202+524802]
	Ordinal0 [0x008899B2+498098]
	Ordinal0 [0x0088A09B+499867]
	Ordinal0 [0x0088AFF5+503797]
	Ordinal0 [0x00886994+485780]
	Ordinal0 [0x00890FF0+528368]
	Ordinal0 [0x0083D6C9+186057]
	Ordinal0 [0x0083CA3D+182845]
	Ordinal0 [0x0083A94B+174411]
	Ordinal0 [0x00822528+75048]
	Ordinal0 [0x008235A0+79264]
	Ordinal0 [0x00823539+79161]
	Ordinal0 [0x009BD607+1758727]
	GetHandleVerifier [0x00BC6546+1050150]
	GetHandleVerifier [0x00BC6291+1049457]
	GetHandleVerifier [0x00BD10D7+1094071]
	GetHandleVerifier [0x00BC6B46+1051686]
	Ordinal0 [0x009B5B06+1727238]
	Ordinal0 [0x009BEB7B+1764219]
	Ordinal0 [0x009BECE3+1764579]
	Ordinal0 [0x009D4C05+1854469]
	BaseThreadInitThunk [0x75586359+25]
	RtlGetAppContainerNamedObjectPath [0x77357C24+228]
	RtlGetAppContainerNamedObjectPath [0x77357BF4+180]
">
      <![CDATA[org.openqa.selenium.SessionNotCreatedException: session not created
from chrome not reachable
  (Session info: chrome=84.0.4147.105)
Build info: version: '3.5.3', revision: 'a88d25fe6b', time: '2017-08-29T12:42:44.417Z'
System info: host: 'LAPTOP-58598IPQ', ip: '192.168.137.1', os.name: 'Windows 10', os.arch: 'amd64', os.version: '10.0', java.version: '1.8.0_201'
Driver info: driver.version: ChromeDriver
remote stacktrace: Backtrace:
	Ordinal0 [0x00AA9563+2725219]
	Ordinal0 [0x009A8551+1672529]
	Ordinal0 [0x00890202+524802]
	Ordinal0 [0x008899B2+498098]
	Ordinal0 [0x0088A09B+499867]
	Ordinal0 [0x0088AFF5+503797]
	Ordinal0 [0x00886994+485780]
	Ordinal0 [0x00890FF0+528368]
	Ordinal0 [0x0083D6C9+186057]
	Ordinal0 [0x0083CA3D+182845]
	Ordinal0 [0x0083A94B+174411]
	Ordinal0 [0x00822528+75048]
	Ordinal0 [0x008235A0+79264]
	Ordinal0 [0x00823539+79161]
	Ordinal0 [0x009BD607+1758727]
	GetHandleVerifier [0x00BC6546+1050150]
	GetHandleVerifier [0x00BC6291+1049457]
	GetHandleVerifier [0x00BD10D7+1094071]
	GetHandleVerifier [0x00BC6B46+1051686]
	Ordinal0 [0x009B5B06+1727238]
	Ordinal0 [0x009BEB7B+1764219]
	Ordinal0 [0x009BECE3+1764579]
	Ordinal0 [0x009D4C05+1854469]
	BaseThreadInitThunk [0x75586359+25]
	RtlGetAppContainerNamedObjectPath [0x77357C24+228]
	RtlGetAppContainerNamedObjectPath [0x77357BF4+180]

	at sun.reflect.NativeConstructorAccessorImpl.newInstance0(Native Method)
	at sun.reflect.NativeConstructorAccessorImpl.newInstance(NativeConstructorAccessorImpl.java:62)
	at sun.reflect.DelegatingConstructorAccessorImpl.newInstance(DelegatingConstructorAccessorImpl.java:45)
	at java.lang.reflect.Constructor.newInstance(Constructor.java:423)
	at org.openqa.selenium.remote.W3CHandshakeResponse.lambda$new$0(W3CHandshakeResponse.java:57)
	at org.openqa.selenium.remote.W3CHandshakeResponse.lambda$getResponseFunction$2(W3CHandshakeResponse.java:104)
	at org.openqa.selenium.remote.ProtocolHandshake.lambda$createSession$24(ProtocolHandshake.java:359)
	at java.util.stream.ReferencePipeline$3$1.accept(ReferencePipeline.java:193)
	at java.util.Spliterators$ArraySpliterator.tryAdvance(Spliterators.java:958)
	at java.util.stream.ReferencePipeline.forEachWithCancel(ReferencePipeline.java:126)
	at java.util.stream.AbstractPipeline.copyIntoWithCancel(AbstractPipeline.java:498)
	at java.util.stream.AbstractPipeline.copyInto(AbstractPipeline.java:485)
	at java.util.stream.AbstractPipeline.wrapAndCopyInto(AbstractPipeline.java:471)
	at java.util.stream.FindOps$FindOp.evaluateSequential(FindOps.java:152)
	at java.util.stream.AbstractPipeline.evaluate(AbstractPipeline.java:234)
	at java.util.stream.ReferencePipeline.findFirst(ReferencePipeline.java:464)
	at org.openqa.selenium.remote.ProtocolHandshake.createSession(ProtocolHandshake.java:362)
	at org.openqa.selenium.remote.ProtocolHandshake.createSession(ProtocolHandshake.java:136)
	at org.openqa.selenium.remote.HttpCommandExecutor.execute(HttpCommandExecutor.java:142)
	at org.openqa.selenium.remote.service.DriverCommandExecutor.execute(DriverCommandExecutor.java:82)
	at org.openqa.selenium.remote.RemoteWebDriver.execute(RemoteWebDriver.java:646)
	at org.openqa.selenium.remote.RemoteWebDriver.startSession(RemoteWebDriver.java:255)
	at org.openqa.selenium.remote.RemoteWebDriver.startSession(RemoteWebDriver.java:237)
	at org.openqa.selenium.remote.RemoteWebDriver.<init>(RemoteWebDriver.java:138)
	at org.openqa.selenium.chrome.ChromeDriver.<init>(ChromeDriver.java:178)
	at org.openqa.selenium.chrome.ChromeDriver.<init>(ChromeDriver.java:167)
	at org.openqa.selenium.chrome.ChromeDriver.<init>(ChromeDriver.java:124)
	at resources.Base.intializeDriver(Base.java:36)
	at academy.VerifyTitleTest.setUp(VerifyTitleTest.java:24)
	at sun.reflect.NativeMethodAccessorImpl.invoke0(Native Method)
	at sun.reflect.NativeMethodAccessorImpl.invoke(NativeMethodAccessorImpl.java:62)
	at sun.reflect.DelegatingMethodAccessorImpl.invoke(DelegatingMethodAccessorImpl.java:43)
	at java.lang.reflect.Method.invoke(Method.java:498)
	at org.testng.internal.MethodInvocationHelper.invokeMethod(MethodInvocationHelper.java:80)
	at org.testng.internal.Invoker.invokeConfigurationMethod(Invoker.java:564)
	at org.testng.internal.Invoker.invokeConfigurations(Invoker.java:213)
	at org.testng.internal.Invoker.invokeConfigurations(Invoker.java:138)
	at org.testng.TestRunner.beforeRun(TestRunner.java:641)
	at org.testng.TestRunner.run(TestRunner.java:609)
	at org.testng.SuiteRunner.runTest(SuiteRunner.java:334)
	at org.testng.SuiteRunner.runSequentially(SuiteRunner.java:329)
	at org.testng.SuiteRunner.privateRun(SuiteRunner.java:291)
	at org.testng.SuiteRunner.run(SuiteRunner.java:240)
	at org.testng.SuiteRunnerWorker.runSuite(SuiteRunnerWorker.java:52)
	at org.testng.SuiteRunnerWorker.run(SuiteRunnerWorker.java:86)
	at org.testng.TestNG.runSuitesSequentially(TestNG.java:1198)
	at org.testng.TestNG.runSuitesLocally(TestNG.java:1123)
	at org.testng.TestNG.run(TestNG.java:1031)
	at org.testng.remote.RemoteTestNG.run(RemoteTestNG.java:115)
	at org.testng.remote.RemoteTestNG.initAndRun(RemoteTestNG.java:207)
	at org.testng.remote.RemoteTestNG.main(RemoteTestNG.java:178)
]]>
    </failure>
  </testcase> <!-- verifyTitle -->
</testsuite> <!-- academy.VerifyTitleTest -->
